<?xml version="1.0" encoding="UTF-8"?>
<testng-results skipped="0" failed="0" total="5" passed="5">
  <reporter-output>
  </reporter-output>
  <suite name="Default suite" duration-ms="40" started-at="2014-08-27T22:00:25Z" finished-at="2014-08-27T22:00:25Z">
    <groups>
    </groups>
    <test name="Default test" duration-ms="40" started-at="2014-08-27T22:00:25Z" finished-at="2014-08-27T22:00:25Z">
      <class name="com.sirma.itt.javacourse.intro.arrays.ArrayReverseTest">
        <test-method status="PASS" signature="testReverseArrayEmptyArray()[pri:0, instance:com.sirma.itt.javacourse.intro.arrays.ArrayReverseTest@3ec76887]" name="testReverseArrayEmptyArray" duration-ms="10" started-at="2014-08-28T01:00:25Z" finished-at="2014-08-28T01:00:25Z">
          <exception class="java.lang.IllegalArgumentException">
            <message>
              <![CDATA[The array`s size is equal or below zero]]>
            </message>
            <full-stacktrace>
              <![CDATA[java.lang.IllegalArgumentException: The array`s size is equal or below zero
	at com.sirma.itt.javacourse.intro.arrays.ArrayReverse.reverseArray(ArrayReverse.java:36)
	at com.sirma.itt.javacourse.intro.arrays.ArrayReverseTest.testReverseArrayEmptyArray(ArrayReverseTest.java:37)
	at sun.reflect.NativeMethodAccessorImpl.invoke0(Native Method)
	at sun.reflect.NativeMethodAccessorImpl.invoke(NativeMethodAccessorImpl.java:57)
	at sun.reflect.DelegatingMethodAccessorImpl.invoke(DelegatingMethodAccessorImpl.java:43)
	at java.lang.reflect.Method.invoke(Method.java:601)
	at org.testng.internal.MethodInvocationHelper.invokeMethod(MethodInvocationHelper.java:84)
	at org.testng.internal.Invoker.invokeMethod(Invoker.java:714)
	at org.testng.internal.Invoker.invokeTestMethod(Invoker.java:901)
	at org.testng.internal.Invoker.invokeTestMethods(Invoker.java:1231)
	at org.testng.internal.TestMethodWorker.invokeTestMethods(TestMethodWorker.java:127)
	at org.testng.internal.TestMethodWorker.run(TestMethodWorker.java:111)
	at org.testng.TestRunner.privateRun(TestRunner.java:767)
	at org.testng.TestRunner.run(TestRunner.java:617)
	at org.testng.SuiteRunner.runTest(SuiteRunner.java:334)
	at org.testng.SuiteRunner.runSequentially(SuiteRunner.java:329)
	at org.testng.SuiteRunner.privateRun(SuiteRunner.java:291)
	at org.testng.SuiteRunner.run(SuiteRunner.java:240)
	at org.testng.SuiteRunnerWorker.runSuite(SuiteRunnerWorker.java:52)
	at org.testng.SuiteRunnerWorker.run(SuiteRunnerWorker.java:86)
	at org.testng.TestNG.runSuitesSequentially(TestNG.java:1224)
	at org.testng.TestNG.runSuitesLocally(TestNG.java:1149)
	at org.testng.TestNG.run(TestNG.java:1057)
	at org.testng.remote.RemoteTestNG.run(RemoteTestNG.java:111)
	at org.testng.remote.RemoteTestNG.initAndRun(RemoteTestNG.java:204)
	at org.testng.remote.RemoteTestNG.main(RemoteTestNG.java:175)
]]>
            </full-stacktrace>
          </exception> <!-- java.lang.IllegalArgumentException -->
          <reporter-output>
          </reporter-output>
        </test-method> <!-- testReverseArrayEmptyArray -->
        <test-method status="PASS" signature="testReverseArrayNormalNumbers()[pri:0, instance:com.sirma.itt.javacourse.intro.arrays.ArrayReverseTest@3ec76887]" name="testReverseArrayNormalNumbers" duration-ms="0" started-at="2014-08-28T01:00:25Z" finished-at="2014-08-28T01:00:25Z">
          <reporter-output>
          </reporter-output>
        </test-method> <!-- testReverseArrayNormalNumbers -->
        <test-method status="PASS" signature="testReverseArrayNullArray()[pri:0, instance:com.sirma.itt.javacourse.intro.arrays.ArrayReverseTest@3ec76887]" name="testReverseArrayNullArray" duration-ms="0" started-at="2014-08-28T01:00:25Z" finished-at="2014-08-28T01:00:25Z">
          <reporter-output>
          </reporter-output>
        </test-method> <!-- testReverseArrayNullArray -->
        <test-method status="PASS" signature="testReverseArrayTwoElements()[pri:0, instance:com.sirma.itt.javacourse.intro.arrays.ArrayReverseTest@3ec76887]" name="testReverseArrayTwoElements" duration-ms="0" started-at="2014-08-28T01:00:25Z" finished-at="2014-08-28T01:00:25Z">
          <reporter-output>
          </reporter-output>
        </test-method> <!-- testReverseArrayTwoElements -->
        <test-method status="PASS" signature="testReverseArrayOneElementInArray()[pri:0, instance:com.sirma.itt.javacourse.intro.arrays.ArrayReverseTest@3ec76887]" name="testReverseArrayOneElementInArray" duration-ms="0" started-at="2014-08-28T01:00:25Z" finished-at="2014-08-28T01:00:25Z">
          <reporter-output>
          </reporter-output>
        </test-method> <!-- testReverseArrayOneElementInArray -->
      </class> <!-- com.sirma.itt.javacourse.intro.arrays.ArrayReverseTest -->
    </test> <!-- Default test -->
  </suite> <!-- Default suite -->
</testng-results>
