<?xml version="1.0" encoding="UTF-8"?>
<!-- Generated by org.testng.reporters.JUnitXMLReporter -->
<testsuite hostname="PC-PC" name="Default test" tests="5" failures="0" timestamp="27 Jul 2014 21:30:44 GMT" time="0.046" errors="0">
  <testcase name="testSumLargeNumbersInvalidNumbers" time="0.014" classname="com.sirma.itt.javacourse.intro.numbers.SummatorLargeNumbersTest"/>
  <testcase name="testSumLargeNumbersNegativeNumbers" time="0.0" classname="com.sirma.itt.javacourse.intro.numbers.SummatorLargeNumbersTest"/>
  <testcase name="testSumLargeNumbersNormalNumbers" time="0.005" classname="com.sirma.itt.javacourse.intro.numbers.SummatorLargeNumbersTest"/>
  <testcase name="testSumLargeNumbersOneZero" time="0.002" classname="com.sirma.itt.javacourse.intro.numbers.SummatorLargeNumbersTest"/>
  <testcase name="testSumLargeNumbersTwoZeros" time="0.002" classname="com.sirma.itt.javacourse.intro.numbers.SummatorLargeNumbersTest"/>
</testsuite> <!-- Default test -->
