<?xml version="1.0" encoding="UTF-8"?>
<!-- Generated by org.testng.reporters.JUnitXMLReporter -->
<testsuite hostname="PC-PC" name="Default test" tests="7" failures="0" timestamp="8 Sep 2014 21:19:05 GMT" time="0.061" errors="0">
  <testcase name="testSumEmptyString" time="0.013" classname="com.sirma.itt.javacourse.intro.numbers.NumbersSummatorTest"/>
  <testcase name="testSumLargeNumbersInvalidNumbers" time="0.002" classname="com.sirma.itt.javacourse.intro.numbers.NumbersSummatorTest"/>
  <testcase name="testSumLargeNumbersNegativeNumbers" time="0.001" classname="com.sirma.itt.javacourse.intro.numbers.NumbersSummatorTest"/>
  <testcase name="testSumLargeNumbersNormalNumbers" time="0.005" classname="com.sirma.itt.javacourse.intro.numbers.NumbersSummatorTest"/>
  <testcase name="testSumLargeNumbersOneZero" time="0.002" classname="com.sirma.itt.javacourse.intro.numbers.NumbersSummatorTest"/>
  <testcase name="testSumLargeNumbersTwoZeros" time="0.001" classname="com.sirma.itt.javacourse.intro.numbers.NumbersSummatorTest"/>
  <testcase name="testSumNullString" time="0.0" classname="com.sirma.itt.javacourse.intro.numbers.NumbersSummatorTest"/>
</testsuite> <!-- Default test -->
